Turbo Assembler	 Version 3.0	    11/29/20 17:28:04	    Page 1
p1.ASM



      1	0000			     .model small
      2	0000			     .stack 100
      3	0000			     .data
      4	0000  0011			     var1 dw 11h
      5	0002  BD			     var2 db 0BDh
      6	0003  31 30 37 35 37		     tabc db '10757'
      7	0008			     .code
      8	0000				     program:
      9					     ; muta adresa segmentului de date in DS
     10	0000				     initializare:
     11	0000  B8 0000s				     mov ax, @data
     12	0003  8E D8				     mov ds, ax
     13	0005				     start:
     14
     15					     ; iesire din program
     16	0005				     sfarsit:
     17	0005  B4 4C				     mov ah, 4Ch     ; functia DOS de iesire din program
     18	0007  CD 21				     int 21h
     19				     end program
Turbo Assembler	 Version 3.0	    11/29/20 17:28:04	    Page 2
Symbol Table




Symbol Name			  Type	 Value

??DATE				  Text	 "11/29/20"
??FILENAME			  Text	 "p1	  "
??TIME				  Text	 "17:28:04"
??VERSION			  Number 0300
@32BIT				  Text	 0
@CODE				  Text	 _TEXT
@CODESIZE			  Text	 0
@CPU				  Text	 0101H
@CURSEG				  Text	 _TEXT
@DATA				  Text	 DGROUP
@DATASIZE			  Text	 0
@FILENAME			  Text	 P1
@INTERFACE			  Text	 00H
@MODEL				  Text	 2
@STACK				  Text	 DGROUP
@WORDSIZE			  Text	 2
INITIALIZARE			  Near	 _TEXT:0000
PROGRAM				  Near	 _TEXT:0000
SFARSIT				  Near	 _TEXT:0005
START				  Near	 _TEXT:0005
TABC				  Byte	 DGROUP:0003
VAR1				  Word	 DGROUP:0000
VAR2				  Byte	 DGROUP:0002

Groups & Segments		  Bit Size Align  Combine Class

DGROUP				  Group
  STACK				  16  0064 Para	  Stack	  STACK
  _DATA				  16  0008 Word	  Public  DATA
_TEXT				  16  0009 Word	  Public  CODE
