Turbo Assembler	 Version 3.0	    12/01/20 19:20:16	    Page 1
p18.ASM



      1	0000			     .model small
      2	0000			     .stack 100
      3	0000			     .data
      4	0000  00B6			     var1 dw 0B6h
      5	0002  8D			     var2 db 8Dh
      6	0003  00 32 39 39 34 33		     tabc db 0,	'29943'
      7	0009			     .code
      8	0000			     program:
      9					     ; muta adresa segmentului de date in DS
     10	0000				     initializare:
     11	0000  B8 0000s				     mov ax, @data
     12	0003  8E D8				     mov ds, ax
     13	0005				     start:
     14	0005  A1 0000r				     MOV AX, var1
     15	0008  8B 1E 0002r			     MOV BX, WORD PTR var2
     16	000C  03 C3				     ADD AX, BX
     17	000E  F7 D0				     NOT AX
     18	0010  B8 FF49				     MOV AX, 0FF49h
     19	0013  50				     PUSH AX
     20	0014  83 F3 01				     XOR BX, 01h
     21	0017  53				     PUSH BX
     22	0018  93				     XCHG AX, BX
     23	0019  25 000F				     AND AX, 0Fh
     24	001C  D1 E8 D1 E8			     SHR AX, 2h
     25	0020  B8 0011				     MOV AX, 11h
     26	0023  3D 000A				     CMP AX, 0Ah
     27	0026  7E 01				     JLE salt
     28	0028  43				     INC BX
     29	0029  B0 00				     salt: MOV AL, 00h
     30	002B  BB 0003r				     MOV BX, offset tabc
     31	002E  D7				     XLAT
     32	002F  58				     POP AX
     33	0030  5B				     POP BX
     34					     ; iesire din program
     35	0031				     sfarsit:
     36	0031  B4 4C				     mov ah, 4Ch     ; functia DOS de iesire din program
     37	0033  CD 21				     int 21h
     38				     end program
Turbo Assembler	 Version 3.0	    12/01/20 19:20:16	    Page 2
Symbol Table




Symbol Name			  Type	 Value

??DATE				  Text	 "12/01/20"
??FILENAME			  Text	 "p18	  "
??TIME				  Text	 "19:20:16"
??VERSION			  Number 0300
@32BIT				  Text	 0
@CODE				  Text	 _TEXT
@CODESIZE			  Text	 0
@CPU				  Text	 0101H
@CURSEG				  Text	 _TEXT
@DATA				  Text	 DGROUP
@DATASIZE			  Text	 0
@FILENAME			  Text	 P18
@INTERFACE			  Text	 00H
@MODEL				  Text	 2
@STACK				  Text	 DGROUP
@WORDSIZE			  Text	 2
INITIALIZARE			  Near	 _TEXT:0000
PROGRAM				  Near	 _TEXT:0000
SALT				  Near	 _TEXT:0029
SFARSIT				  Near	 _TEXT:0031
START				  Near	 _TEXT:0005
TABC				  Byte	 DGROUP:0003
VAR1				  Word	 DGROUP:0000
VAR2				  Byte	 DGROUP:0002

Groups & Segments		  Bit Size Align  Combine Class

DGROUP				  Group
  STACK				  16  0064 Para	  Stack	  STACK
  _DATA				  16  0009 Word	  Public  DATA
_TEXT				  16  0035 Word	  Public  CODE
