Turbo Assembler	 Version 3.0	    12/03/20 15:43:35	    Page 1
l7t1.ASM



      1	0000			     .model small
      2	0000			     .stack 100
      3	0000			     .data
      4	*000				     alfa struc
      5	*000  01*(??)				     a1	db ?
      6	*001  01*(21)				     a2	db 21h
      7	*002  01*(5176)				     a3	dw 5176h
      8	*004				     alfa ends
      9	0000  0A*(03 01*(??) 2252)	     tab alfa 10 dup (<3h, ?, 2252h>)
     10	0028			     .code
     11	0000				     program:
     12					     ; muta adresa segmentului de date in DS
     13	0000				     initializare:
     14	0000  B8 0000s				     mov ax, @data
     15	0003  8E D8				     mov ds, ax
     16	0005				     start:
     17	0005  A0 000Dr				     mov al, byte ptr tab[12].a2
     18	0008  CC				     INT 3
     19	0009  A0 000Cr				     mov al, byte ptr tab[11].a2
     20					     ; iesire din program
     21	000C				     sfarsit:
     22	000C  B4 4C				     mov ah, 4Ch     ; functia DOS de iesire din program
     23	000E  CD 21				     int 21h
     24				     end program
Turbo Assembler	 Version 3.0	    12/03/20 15:43:35	    Page 2
Symbol Table




Symbol Name			  Type	 Value

??DATE				  Text	 "12/03/20"
??FILENAME			  Text	 "l7t1	  "
??TIME				  Text	 "15:43:35"
??VERSION			  Number 0300
@32BIT				  Text	 0
@CODE				  Text	 _TEXT
@CODESIZE			  Text	 0
@CPU				  Text	 0101H
@CURSEG				  Text	 _TEXT
@DATA				  Text	 DGROUP
@DATASIZE			  Text	 0
@FILENAME			  Text	 L7T1
@INTERFACE			  Text	 00H
@MODEL				  Text	 2
@STACK				  Text	 DGROUP
@WORDSIZE			  Text	 2
INITIALIZARE			  Near	 _TEXT:0000
PROGRAM				  Near	 _TEXT:0000
SFARSIT				  Near	 _TEXT:000C
START				  Near	 _TEXT:0005
TAB				  Struct DGROUP:0000 ALFA

Structure Name			  Type	Offset

ALFA
 A1				  Byte	 0000
 A2				  Byte	 0001
 A3				  Word	 0002

Groups & Segments		  Bit Size Align  Combine Class

DGROUP				  Group
  STACK				  16  0064 Para	  Stack	  STACK
  _DATA				  16  0028 Word	  Public  DATA
_TEXT				  16  0010 Word	  Public  CODE
