Turbo Assembler	 Version 3.0	    11/12/20 16:24:34	    Page 1
fact.ASM



      1	0000			     .model small
      2	0000			     .stack 100
      3	0000			     .data
      4	0000  0009			     numar dw 9
      5	0002  ????????			     rez   dd ?
      6	0006			     .code
      7	0000			     afis proc		   ; procedura de afisare a nr aflat in	DL
      8	0000  80 C2 30			     add dl, '0'
      9	0003  B4 02			     mov ah, 2h
     10	0005  CD 21			     int 21h
     11	0007  C3			     ret
     12	0008			     afis endp
     13
     14	0008			     start:
     15	0008  B8 0000s			     mov ax, @data
     16	000B  8E D8			     mov ds, ax
     17	000D  B8 0001			     mov ax, 1	       ; operand al inmultirii
     18	0010  BB 0001			     mov bx, 1	       ; celalalt operand al inmultirii
     19	0013  8B 0E 0000r		     mov cx, numar     ; initializare contor
     20	0017			     iar:
     21	0017  43			     inc bx
     22	0018  3B D9			     cmp bx, cx	       ; s-a ajuns la sfarsit?
     23	001A  77 04			     ja	sfarsit
     24	001C  F7 E3			     mul bx	       ; daca nu inmulteste
     25	001E  EB F7			     jmp iar
     26				     ; se incepe procedura de determinare a cifrelor rezultatului
     27				     ; prin impartiri la 10 pana se obtine restul <10
     28	0020			     sfarsit:
     29	0020  BB 000A			     mov bx, 10
     30	0023  BE 0000			     mov si, 0
     31	0026			     sf1:
     32	0026  F7 F3			     div bx
     33	0028  88 94 0002r		     mov byte ptr rez[si], dl ;	s-a memorat cifra m.p.s
     34								      ;	a rezultatului
     35	002C  BA 0000			     mov dx, 0	       ; deimpartitul este DX:AX
     36	002F  46			     inc si
     37	0030  3B C3			     cmp ax, bx
     38	0032  77 F2			     ja	sf1
     39	0034  88 84 0002r		     mov byte ptr rez[si], al ;	s-a memorat cifra m.p.s
     40	0038			     repet:
     41	0038  8A 94 0002r		     mov dl, byte ptr rez[si]
     42	003C  E8 FFC1			     call afis
     43	003F  4E			     dec si
     44	0040  83 FE 00			     cmp si, 0
     45	0043  79 F3			     jns repet
     46	0045  B4 4C			     mov ah, 4Ch
     47	0047  CD 21			     int 21h
     48				     end start
Turbo Assembler	 Version 3.0	    11/12/20 16:24:34	    Page 2
Symbol Table




Symbol Name			  Type	 Value

??DATE				  Text	 "11/12/20"
??FILENAME			  Text	 "fact	  "
??TIME				  Text	 "16:24:34"
??VERSION			  Number 0300
@32BIT				  Text	 0
@CODE				  Text	 _TEXT
@CODESIZE			  Text	 0
@CPU				  Text	 0101H
@CURSEG				  Text	 _TEXT
@DATA				  Text	 DGROUP
@DATASIZE			  Text	 0
@FILENAME			  Text	 FACT
@INTERFACE			  Text	 00H
@MODEL				  Text	 2
@STACK				  Text	 DGROUP
@WORDSIZE			  Text	 2
AFIS				  Near	 _TEXT:0000
IAR				  Near	 _TEXT:0017
NUMAR				  Word	 DGROUP:0000
REPET				  Near	 _TEXT:0038
REZ				  Dword	 DGROUP:0002
SF1				  Near	 _TEXT:0026
SFARSIT				  Near	 _TEXT:0020
START				  Near	 _TEXT:0008

Groups & Segments		  Bit Size Align  Combine Class

DGROUP				  Group
  STACK				  16  0064 Para	  Stack	  STACK
  _DATA				  16  0006 Word	  Public  DATA
_TEXT				  16  0049 Word	  Public  CODE
