Turbo Assembler	 Version 3.0	    10/22/20 15:59:05	    Page 1
tema.ASM



      1	0000			     .model small
      2	0000			     .stack 100
      3	0000			     .data
      4	0000  01 02 03 04 05 0A*  +	     tabel  db 1, 2, 3,	4, 5, 10 dup(?)
      5	      (??)
      6	000F  0001 0002	0003 0012 +	     tabel1 dw 1, 2, 3,	12H, 12
      7	      000C
      8	0019  00000001 00000002	  +	     tabel2 dd 1, 2, 1234H
      9	      00001234
     10	0025  0000000000000001	  +	     tabel3 dq 1, 2, 12345678H
     11	      0000000000000002	  +
     12	      0000000012345678
     13	003D  00000000000000000001+	     tabel4 dt 1, 2,, 1234567890H
     14	      00000000000000000002+
     15	      ????????????????????+
     16	      00000000001234567890
     17	0065			     .code
     18					     ; muta adresa de segment a	datelor	data de	directiva @data	in registrul DS
     19	0000				     initializare:
     20	0000  B8 0000s				     mov ax, @data
     21	0003  8E D8				     mov ds, ax
     22	0005				     start:
     23	0005  B8 0014				     mov ax, 14h	     ;adresare imediata
     24	0008  B8 000E				     mov ax, 14
     25	000B  A0 0000r				     mov al, tabel	     ;adresare directa
     26	000E  A0 0001r				     mov al, tabel[1]	     ;adresare directa
     27	0011  A1 0000r				     mov ax, word ptr tabel  ;adresare directa,	operatorul
     28									     ;ptr este necesar,	tabel fiind
     29									     ;definit cu directiva DB
     30	0014  BB 0000r				     mov bx, offset tabel
     31	0017  8A 47 01				     mov al, [bx+1]	     ;adresare indirecta
     32	001A  8A 07				     mov al, [bx]	     ;adresare indirecta
     33	001C  BB 0005				     mov bx, 5
     34	001F  8A 87 0000r			     mov al, tabel[bx]	     ;adresare bazata
     35	0023  BE 0001				     mov si, 1
     36	0026  8A 00				     mov al, [bx][si]	     ;adresare bazata si indexată
     37	0028  BE 0006				     mov si, 6
     38	002B  C6 00 02				     mov byte ptr [bx][si],2 ;adresare bazata si indexată
     39	002E  BD 0000r				     mov bp, offset tabel
     40	0031  8A 46 00				     mov al, [bp]	     ;adresare bazata cu deplasament nul
     41						     ;adresare bazată şi indexată
     42	0034  3E: C6 42	01 07			     mov byte ptr ds:[bp][si][1], 7
     43	0039  3E: C7 42	01 0019			     mov word ptr ds:[bp][si][1], 19H
     44					     ; revenire	in sistemul de operare
     45	003F				     sfarsit:
     46	003F  B4 4C				     mov ah, 4ch	     ; functia DOS de iesire in	sistemul de operare
     47	0041  CD 21				     int 21h
     48				     end
Turbo Assembler	 Version 3.0	    10/22/20 15:59:05	    Page 2
Symbol Table




Symbol Name			  Type	 Value

??DATE				  Text	 "10/22/20"
??FILENAME			  Text	 "tema	  "
??TIME				  Text	 "15:59:05"
??VERSION			  Number 0300
@32BIT				  Text	 0
@CODE				  Text	 _TEXT
@CODESIZE			  Text	 0
@CPU				  Text	 0101H
@CURSEG				  Text	 _TEXT
@DATA				  Text	 DGROUP
@DATASIZE			  Text	 0
@FILENAME			  Text	 TEMA
@INTERFACE			  Text	 00H
@MODEL				  Text	 2
@STACK				  Text	 DGROUP
@WORDSIZE			  Text	 2
INITIALIZARE			  Near	 _TEXT:0000
SFARSIT				  Near	 _TEXT:003F
START				  Near	 _TEXT:0005
TABEL				  Byte	 DGROUP:0000
TABEL1				  Word	 DGROUP:000F
TABEL2				  Dword	 DGROUP:0019
TABEL3				  Qword	 DGROUP:0025
TABEL4				  Tbyte	 DGROUP:003D

Groups & Segments		  Bit Size Align  Combine Class

DGROUP				  Group
  STACK				  16  0064 Para	  Stack	  STACK
  _DATA				  16  0065 Word	  Public  DATA
_TEXT				  16  0043 Word	  Public  CODE
