Turbo Assembler	 Version 3.0	    11/01/20 10:38:45	    Page 1
l4t2.ASM



      1	0000			     .model small
      2	0000			     .stack 100
      3	0000			     .data
      4
      5	0000			     .code
      6					     ; muta adresa segmentului de date in DS
      7	0000				     initializare:
      8	0000  B8 0000s				     mov ax, @data
      9	0003  8E D8				     mov ds, ax
     10	0005				     start:
     11	0005  B3 77				     mov bl, 77h
     12	0007  80 EB 78				     sub bl, 78h
     13	000A  B8 0000				     mov ax, 0h
     14	000D  50				     push ax
     15	000E  9D				     popf
     16	000F  B3 77				     mov bl, 77h
     17	0011  80 FB 78				     cmp bl, 78h
     18	0014  B8 0000				     mov ax, 0h
     19	0017  50				     push ax
     20	0018  9D				     popf
     21	0019  B3 78				     mov bl, 78h
     22	001B  80 FB 78				     cmp bl, 78h
     23	001E  B8 0000				     mov ax, 0h
     24	0021  50				     push ax
     25	0022  9D				     popf
     26	0023  B3 79				     mov bl, 79h
     27	0025  80 FB 78				     cmp bl, 78h
     28	0028  B8 0000				     mov ax, 0h
     29	002B  50				     push ax
     30	002C  9D				     popf
     31					     ; iesire din program
     32	002D				     sfarsit:
     33	002D  B4 4C				     mov ah, 4ch     ; functia DOS de iesire in	sistemul de operare
     34	002F  CD 21				     int 21h
     35				     end
Turbo Assembler	 Version 3.0	    11/01/20 10:38:45	    Page 2
Symbol Table




Symbol Name			  Type	 Value

??DATE				  Text	 "11/01/20"
??FILENAME			  Text	 "l4t2	  "
??TIME				  Text	 "10:38:45"
??VERSION			  Number 0300
@32BIT				  Text	 0
@CODE				  Text	 _TEXT
@CODESIZE			  Text	 0
@CPU				  Text	 0101H
@CURSEG				  Text	 _TEXT
@DATA				  Text	 DGROUP
@DATASIZE			  Text	 0
@FILENAME			  Text	 L4T2
@INTERFACE			  Text	 00H
@MODEL				  Text	 2
@STACK				  Text	 DGROUP
@WORDSIZE			  Text	 2
INITIALIZARE			  Near	 _TEXT:0000
SFARSIT				  Near	 _TEXT:002D
START				  Near	 _TEXT:0005

Groups & Segments		  Bit Size Align  Combine Class

DGROUP				  Group
  STACK				  16  0064 Para	  Stack	  STACK
  _DATA				  16  0000 Word	  Public  DATA
_TEXT				  16  0031 Word	  Public  CODE
