Turbo Assembler	 Version 3.0	    11/29/20 12:27:59	    Page 1
l6p6.ASM



      1	0000			     .model small
      2	0000			     .stack 100
      3	0000			     .data
      4	*000				     alfa struc
      5	*000  01*(??)				     a1	db ?
      6	*001  01*(21)				     a2	db 21h
      7	*002  01*(5176)				     a3	dw 5176h
      8	*004				     alfa ends
      9	0000  05*(33 01*(??) 1234)	     tab alfa 5	dup(<33h, ?, 1234h>)
     10	0014			     .code
     11	0000				     program:
     12					     ; muta adresa segmentului de date in DS
     13	0000				     initializare:
     14	0000  B8 0000s				     mov ax, @data
     15	0003  8E D8				     mov ds, ax
     16	0005				     start:
     17
     18					     ; iesire din program
     19	0005				     sfarsit:
     20	0005  B4 4C				     mov ah, 4Ch     ; functia DOS de iesire din program
     21	0007  CD 21				     int 21h
     22				     end program
Turbo Assembler	 Version 3.0	    11/29/20 12:27:59	    Page 2
Symbol Table




Symbol Name			  Type	 Value

??DATE				  Text	 "11/29/20"
??FILENAME			  Text	 "l6p6	  "
??TIME				  Text	 "12:27:59"
??VERSION			  Number 0300
@32BIT				  Text	 0
@CODE				  Text	 _TEXT
@CODESIZE			  Text	 0
@CPU				  Text	 0101H
@CURSEG				  Text	 _TEXT
@DATA				  Text	 DGROUP
@DATASIZE			  Text	 0
@FILENAME			  Text	 L6P6
@INTERFACE			  Text	 00H
@MODEL				  Text	 2
@STACK				  Text	 DGROUP
@WORDSIZE			  Text	 2
INITIALIZARE			  Near	 _TEXT:0000
PROGRAM				  Near	 _TEXT:0000
SFARSIT				  Near	 _TEXT:0005
START				  Near	 _TEXT:0005
TAB				  Struct DGROUP:0000 ALFA

Structure Name			  Type	Offset

ALFA
 A1				  Byte	 0000
 A2				  Byte	 0001
 A3				  Word	 0002

Groups & Segments		  Bit Size Align  Combine Class

DGROUP				  Group
  STACK				  16  0064 Para	  Stack	  STACK
  _DATA				  16  0014 Word	  Public  DATA
_TEXT				  16  0009 Word	  Public  CODE
