Turbo Assembler	 Version 3.0	    10/22/20 19:42:05	    Page 1
l2e1.ASM



      1	0000			     .model small
      2	0000			     .stack 100
      3	0000			     .data
      4	0000  41 6C 65 78 61 6E	64+	     tabc db 'Alexandru	M.'
      5	      72 75 20 4D 2E
      6	000C			     .code
      7					     ; muta adresa de segment a	datelor	data de	directiva @data	in registrul DS
      8	0000				     initializare:
      9	0000  B8 0000s				     mov ax, @data
     10	0003  8E D8				     mov ds, ax
     11	0005  B0 00				     mov al, 0			     ; initializeaza AL
     12	0007				     start:
     13	0007				     repet:
     14	0007  BB 0000r				     mov bx, offset tabc     ; pune in BX adresa efectiva tabc
     15	000A  50				     push ax			     ; salveaza	AL in stiva
     16	000B  D7				     xlat			     ; pune in AL octetul de la	adresa efectiva	[BX +
     17				     + AL]
     18	000C  E8 0009				     call afisare	     ; apelul procedurii afisare
     19	000F  58				     pop ax
     20	0010  FE C0				     inc al
     21	0012  3C 0C				     cmp al, 0Ch		     ; se verifica daca	s-au afisat toate caracterele
     22	0014  74 09				     jz	sfarsit
     23	0016  EB EF				     jmp repet
     24	0018				     afisare proc
     25	0018  8A D0				     mov dl, al			     ; pune in DL codul	caracterului care trebuie   +
     26				     afisat
     27	001A  B4 02				     mov ah, 2h			     ; functa DOS pentru afisarea caracterului din DL
     28	001C  CD 21				     int 21h
     29	001E  C3				     ret
     30	001F				     afisare endp
     31	001F				     sfarsit:
     32	001F  B4 4C				     mov ah, 4ch		     ; functia DOS de iesire in	sistemul de operare
     33	0021  CD 21				     int 21h
     34				     end
Turbo Assembler	 Version 3.0	    10/22/20 19:42:05	    Page 2
Symbol Table




Symbol Name			  Type	 Value

??DATE				  Text	 "10/22/20"
??FILENAME			  Text	 "l2e1	  "
??TIME				  Text	 "19:42:05"
??VERSION			  Number 0300
@32BIT				  Text	 0
@CODE				  Text	 _TEXT
@CODESIZE			  Text	 0
@CPU				  Text	 0101H
@CURSEG				  Text	 _TEXT
@DATA				  Text	 DGROUP
@DATASIZE			  Text	 0
@FILENAME			  Text	 L2E1
@INTERFACE			  Text	 00H
@MODEL				  Text	 2
@STACK				  Text	 DGROUP
@WORDSIZE			  Text	 2
AFISARE				  Near	 _TEXT:0018
INITIALIZARE			  Near	 _TEXT:0000
REPET				  Near	 _TEXT:0007
SFARSIT				  Near	 _TEXT:001F
START				  Near	 _TEXT:0007
TABC				  Byte	 DGROUP:0000

Groups & Segments		  Bit Size Align  Combine Class

DGROUP				  Group
  STACK				  16  0064 Para	  Stack	  STACK
  _DATA				  16  000C Word	  Public  DATA
_TEXT				  16  0023 Word	  Public  CODE
