Turbo Assembler	 Version 3.0	    11/01/20 16:50:55	    Page 1
l4a4.ASM



      1	0000			     .model small
      2	0000			     .stack 100
      3	0000			     .data
      4
      5				     ; Care  este  conţinutul	registrului AL	după  executarea
      6				     ; următoarei secvenţe de	instrucţiuni ?
      7	0000			     .code
      8	0000				     program:
      9					     ; muta adresa segmentului de date in DS
     10	0000				     initializare:
     11	0000  B8 0000s				     mov ax, @data
     12	0003  8E D8				     mov ds, ax
     13	0005				     start:
     14	0005  B0 41				     mov al, 'A'
     15	0007  B3 42				     mov bl, 'B'
     16	0009  3A C3				     cmp al, bl
     17	000B  75 05				     jne et1
     18	000D				     et2:
     19	000D  B0 01				     mov al, 1
     20	000F  EB 06 90				     jmp sfarsit
     21	0012				     et1:
     22	0012  B0 00				     mov al, 0
     23	0014  EB 01 90				     jmp sfarsit
     24					     ; iesire din program
     25	0017				     sfarsit:
     26	0017  B4 4C				     mov ah, 4Ch     ; functia DOS de iesire in	sistemul de operare
     27	0019  CD 21				     int 21h
     28				     end program
Turbo Assembler	 Version 3.0	    11/01/20 16:50:55	    Page 2
Symbol Table




Symbol Name			  Type	 Value

??DATE				  Text	 "11/01/20"
??FILENAME			  Text	 "l4a4	  "
??TIME				  Text	 "16:50:55"
??VERSION			  Number 0300
@32BIT				  Text	 0
@CODE				  Text	 _TEXT
@CODESIZE			  Text	 0
@CPU				  Text	 0101H
@CURSEG				  Text	 _TEXT
@DATA				  Text	 DGROUP
@DATASIZE			  Text	 0
@FILENAME			  Text	 L4A4
@INTERFACE			  Text	 00H
@MODEL				  Text	 2
@STACK				  Text	 DGROUP
@WORDSIZE			  Text	 2
ET1				  Near	 _TEXT:0012
ET2				  Near	 _TEXT:000D
INITIALIZARE			  Near	 _TEXT:0000
PROGRAM				  Near	 _TEXT:0000
SFARSIT				  Near	 _TEXT:0017
START				  Near	 _TEXT:0005

Groups & Segments		  Bit Size Align  Combine Class

DGROUP				  Group
  STACK				  16  0064 Para	  Stack	  STACK
  _DATA				  16  0000 Word	  Public  DATA
_TEXT				  16  001B Word	  Public  CODE
