Turbo Assembler	 Version 3.0	    10/25/20 14:01:55	    Page 1
l3a1.ASM



      1	0000			     .model small
      2	0000			     .stack 100
      3	0000			     .data
      4
      5	0000			     .code
      6					     ; muta adresa segmentului de date in DS
      7	0000				     initializare:
      8	0000  B8 0000s				     mov ax, @data
      9	0003  8E D8				     mov ds, ax
     10	0005				     start:
     11	0005  B0 9E				     mov al, 10011110b
     12	0007  B1 03				     mov cl, 3
     13	0009  D2 C0				     rol al, cl
     14					     ; iesire din program
     15	000B				     sfarsit:
     16	000B  B4 4C				     mov ah, 4ch     ; functia DOS de iesire in	sistemul de operare
     17	000D  CD 21				     int 21h
     18				     end
Turbo Assembler	 Version 3.0	    10/25/20 14:01:55	    Page 2
Symbol Table




Symbol Name			  Type	 Value

??DATE				  Text	 "10/25/20"
??FILENAME			  Text	 "l3a1	  "
??TIME				  Text	 "14:01:55"
??VERSION			  Number 0300
@32BIT				  Text	 0
@CODE				  Text	 _TEXT
@CODESIZE			  Text	 0
@CPU				  Text	 0101H
@CURSEG				  Text	 _TEXT
@DATA				  Text	 DGROUP
@DATASIZE			  Text	 0
@FILENAME			  Text	 L3A1
@INTERFACE			  Text	 00H
@MODEL				  Text	 2
@STACK				  Text	 DGROUP
@WORDSIZE			  Text	 2
INITIALIZARE			  Near	 _TEXT:0000
SFARSIT				  Near	 _TEXT:000B
START				  Near	 _TEXT:0005

Groups & Segments		  Bit Size Align  Combine Class

DGROUP				  Group
  STACK				  16  0064 Para	  Stack	  STACK
  _DATA				  16  0000 Word	  Public  DATA
_TEXT				  16  000F Word	  Public  CODE
