Turbo Assembler	 Version 3.0	    10/25/20 14:01:56	    Page 1
l3a2.ASM



      1	0000			     .model small
      2	0000			     .stack 100
      3	0000			     .data
      4
      5	0000			     .code
      6					     ; muta adresa segmentului de date in DS
      7	0000				     initializare:
      8	0000  B8 0000s				     mov ax, @data
      9	0003  8E D8				     mov ds, ax
     10	0005				     start:
     11	0005  8B DC				     mov bx, sp
     12	0007  B9 2134				     mov cx, 2134H
     13	000A  51				     push cx
     14	000B  36: C6 47	FE 22			     mov byte ptr ss:[bx-2], 22H
     15	0010  59				     pop cx
     16					     ; iesire din program
     17	0011				     sfarsit:
     18	0011  B4 4C				     mov ah, 4ch     ; functia DOS de iesire in	sistemul de operare
     19	0013  CD 21				     int 21h
     20				     end
Turbo Assembler	 Version 3.0	    10/25/20 14:01:56	    Page 2
Symbol Table




Symbol Name			  Type	 Value

??DATE				  Text	 "10/25/20"
??FILENAME			  Text	 "l3a2	  "
??TIME				  Text	 "14:01:56"
??VERSION			  Number 0300
@32BIT				  Text	 0
@CODE				  Text	 _TEXT
@CODESIZE			  Text	 0
@CPU				  Text	 0101H
@CURSEG				  Text	 _TEXT
@DATA				  Text	 DGROUP
@DATASIZE			  Text	 0
@FILENAME			  Text	 L3A2
@INTERFACE			  Text	 00H
@MODEL				  Text	 2
@STACK				  Text	 DGROUP
@WORDSIZE			  Text	 2
INITIALIZARE			  Near	 _TEXT:0000
SFARSIT				  Near	 _TEXT:0011
START				  Near	 _TEXT:0005

Groups & Segments		  Bit Size Align  Combine Class

DGROUP				  Group
  STACK				  16  0064 Para	  Stack	  STACK
  _DATA				  16  0000 Word	  Public  DATA
_TEXT				  16  0015 Word	  Public  CODE
