Turbo Assembler	 Version 3.0	    11/01/20 14:01:10	    Page 1
l3a3.ASM



      1	0000			     .model small
      2	0000			     .stack 100
      3	0000			     .data
      4
      5	0000			     .code
      6					     ; muta adresa segmentului de date in DS
      7	0000				     initializare:
      8	0000  B8 0000s				     mov ax, @data
      9	0003  8E D8				     mov ds, ax
     10	0005				     start:
     11	0005  B1 04				     mov cl, 4
     12	0007  B8 0702				     mov ax, 0702h
     13	000A  D3 E8				     shr ax, cl
     14	000C  D2 E0				     shl al, cl
     15					     ; iesire din program
     16	000E				     sfarsit:
     17	000E  B4 4C				     mov ah, 4ch     ; functia DOS de iesire in	sistemul de operare
     18	0010  CD 21				     int 21h
     19				     end
Turbo Assembler	 Version 3.0	    11/01/20 14:01:10	    Page 2
Symbol Table




Symbol Name			  Type	 Value

??DATE				  Text	 "11/01/20"
??FILENAME			  Text	 "l3a3	  "
??TIME				  Text	 "14:01:10"
??VERSION			  Number 0300
@32BIT				  Text	 0
@CODE				  Text	 _TEXT
@CODESIZE			  Text	 0
@CPU				  Text	 0101H
@CURSEG				  Text	 _TEXT
@DATA				  Text	 DGROUP
@DATASIZE			  Text	 0
@FILENAME			  Text	 L3A3
@INTERFACE			  Text	 00H
@MODEL				  Text	 2
@STACK				  Text	 DGROUP
@WORDSIZE			  Text	 2
INITIALIZARE			  Near	 _TEXT:0000
SFARSIT				  Near	 _TEXT:000E
START				  Near	 _TEXT:0005

Groups & Segments		  Bit Size Align  Combine Class

DGROUP				  Group
  STACK				  16  0064 Para	  Stack	  STACK
  _DATA				  16  0000 Word	  Public  DATA
_TEXT				  16  0012 Word	  Public  CODE
