Turbo Assembler	 Version 3.0	    10/25/20 08:10:20	    Page 1
L2E1.asm



      1	0000			     .model small
      2	0000			     .stack 100
      3	0000			     .data
      4	0000  30 31 32 33 34 35	36+	     tabc db '0123456789ABCDEF'
      5	      37 38 39 41 42 43	44+
      6	      45 46
      7	0010			     .code
      8					     ; muta adresa de segment a	datelor	data de	directiva @data	in registrul DS
      9	0000				     initializare:
     10	0000  B8 0000s				     mov ax, @data
     11	0003  8E D8				     mov ds, ax
     12	0005  B0 00				     mov al, 0			     ; initializeaza AL
     13	0007				     start:
     14	0007				     repet:
     15	0007  BB 0000r				     mov bx, offset tabc     ; pune in BX adresa efectiva tabc
     16	000A  50				     push ax			     ; salveaza	AL in stiva
     17	000B  D7				     xlat			     ; pune in AL octetul de la	adresa efectiva	[BX +
     18				     + AL]
     19	000C  E8 0009				     call afisare	     ; apelul procedurii afisare
     20	000F  58				     pop ax
     21	0010  FE C0				     inc al
     22	0012  3C 10				     cmp al, 10h		     ; se verifica daca	s-au afisat toate caracterele
     23	0014  74 0F				     jz	sfarsit
     24	0016  EB EF				     jmp repet
     25	0018				     afisare proc
     26	0018  8A D0				     mov dl, al			     ; pune in DL codul	caracterului care trebuie   +
     27				     afisat
     28	001A  B4 02				     mov ah, 2h			     ; functa DOS pentru afisarea caracterului din DL
     29	001C  CD 21				     int 21h
     30	001E  B2 20				     mov dl, ' '
     31	0020  B4 02				     mov ah, 2h
     32	0022  CD 21				     int 21h
     33	0024  C3				     ret
     34	0025				     afisare endp
     35	0025				     sfarsit:
     36	0025  B4 4C				     mov ah, 4ch		     ; functia DOS de iesire in	sistemul de operare
     37	0027  CD 21				     int 21h
     38				     end
Turbo Assembler	 Version 3.0	    10/25/20 08:10:20	    Page 2
Symbol Table




Symbol Name			  Type	 Value

??DATE				  Text	 "10/25/20"
??FILENAME			  Text	 "L2E1	  "
??TIME				  Text	 "08:10:20"
??VERSION			  Number 0300
@32BIT				  Text	 0
@CODE				  Text	 _TEXT
@CODESIZE			  Text	 0
@CPU				  Text	 0101H
@CURSEG				  Text	 _TEXT
@DATA				  Text	 DGROUP
@DATASIZE			  Text	 0
@FILENAME			  Text	 L2E1
@INTERFACE			  Text	 00H
@MODEL				  Text	 2
@STACK				  Text	 DGROUP
@WORDSIZE			  Text	 2
AFISARE				  Near	 _TEXT:0018
INITIALIZARE			  Near	 _TEXT:0000
REPET				  Near	 _TEXT:0007
SFARSIT				  Near	 _TEXT:0025
START				  Near	 _TEXT:0007
TABC				  Byte	 DGROUP:0000

Groups & Segments		  Bit Size Align  Combine Class

DGROUP				  Group
  STACK				  16  0064 Para	  Stack	  STACK
  _DATA				  16  0010 Word	  Public  DATA
_TEXT				  16  0029 Word	  Public  CODE
