Turbo Assembler	 Version 3.0	    10/25/20 08:08:56	    Page 1
l2e8.asm



      1	0000			     .model small
      2	0000			     .stack 100
      3	0000			     .data
      4	0000  23			     alfa db 23h
      5	0001  43			     beta db 43h
      6	0002			     .code
      7					     ; Muta adresa segmentului de date in registrul DS
      8	0000				     start:
      9	0000				     initializare:
     10	0000  B8 0000s				     mov ax, @data
     11	0003  8E D8				     mov ds, ax
     12	0005				     cod:
     13	0005  8A 1E 0000r			     mov bl, alfa
     14	0009  86 06 0001r			     xchg al, beta
     15	000D  A2 0000r				     mov alfa, al
     16					     ; Raspuns - Schimba locatiile valorilor 23	si 34 intre ele
     17	0010				     sfarsit:
     18	0010  B4 4C				     mov ah, 4Ch      ;	Functia	DOS de iesire din sistemul de operare
     19	0012  CD 21				     int 21h
     20					     end start
Turbo Assembler	 Version 3.0	    10/25/20 08:08:56	    Page 2
Symbol Table




Symbol Name			  Type	 Value

??DATE				  Text	 "10/25/20"
??FILENAME			  Text	 "l2e8	  "
??TIME				  Text	 "08:08:56"
??VERSION			  Number 0300
@32BIT				  Text	 0
@CODE				  Text	 _TEXT
@CODESIZE			  Text	 0
@CPU				  Text	 0101H
@CURSEG				  Text	 _TEXT
@DATA				  Text	 DGROUP
@DATASIZE			  Text	 0
@FILENAME			  Text	 L2E8
@INTERFACE			  Text	 00H
@MODEL				  Text	 2
@STACK				  Text	 DGROUP
@WORDSIZE			  Text	 2
ALFA				  Byte	 DGROUP:0000
BETA				  Byte	 DGROUP:0001
COD				  Near	 _TEXT:0005
INITIALIZARE			  Near	 _TEXT:0000
SFARSIT				  Near	 _TEXT:0010
START				  Near	 _TEXT:0000

Groups & Segments		  Bit Size Align  Combine Class

DGROUP				  Group
  STACK				  16  0064 Para	  Stack	  STACK
  _DATA				  16  0002 Word	  Public  DATA
_TEXT				  16  0014 Word	  Public  CODE
