Turbo Assembler	 Version 3.0	    11/07/20 20:16:16	    Page 1
ex2l6t.ASM



      1	0000			     .model small
      2	0000			     .stack 100
      3	0000			     .data
      4	0000  ????			     Numar dw ?
      5	0002  0010			     Baza dw 16
      6	0004  0000			     rez dw 0h
      7	0006			     .code
      8	0000				     program:
      9	0000				     initializare:
     10	0000  B8 0000s				     mov ax, @data
     11	0003  8E D8				     mov ds, ax
     12	0005				     start:
     13	0005  B1 10				     mov cl, 10h
     14	0007  B5 30				     mov ch, 30h
     15	0009  B4 01				     mov ah, 01h
     16	000B  CD 21				     int 21h
     17	000D  2A C5				     sub al, ch
     18	000F  F6 E1				     mul cl
     19	0011  8A E0				     mov ah, al
     20	0013  8A FC				     mov bh,ah
     21	0015  B4 01				     mov ah, 01h
     22	0017  CD 21				     int 21h
     23	0019  2A C5				     sub al, ch
     24	001B  02 F8				     add bh, al
     25
     26	001D  B4 01				     mov ah, 01h
     27	001F  CD 21				     int 21h
     28	0021  2A C5				     sub al, ch
     29	0023  F6 E1				     mul cl
     30	0025  8A D8				     mov bl,al
     31	0027  B4 01				     mov ah, 01h
     32	0029  CD 21				     int 21h
     33	002B  2A C5				     sub al, ch
     34	002D  02 D8				     add bl, al
     35
     36	002F  89 1E 0000r			     mov Numar,bx
     37
     38	0033  A1 0000r				     mov ax, Numar
     39
     40	0036  BA 0000				     mov dx,0
     41	0039  F7 36 0002r			     div Baza
     42	003D  52				     push dx
     43	003E  F7 36 0002r			     div Baza
     44	0042  52				     push dx
     45	0043  F7 36 0002r			     div Baza
     46	0047  52				     push dx
     47	0048  F7 36 0002r			     div Baza
     48	004C  52				     push dx
     49
     50	004D  B9 0003				     mov cx,3 ;contorul1
     51	0050  BB 0000				     mov bx,0; contorul2
     52	0053			     repet :
     53	0053  B8 0000				     mov ax, 0
     54	0056  58				     pop byte ptr ax
     55	0057  E8 0005				     call Inmultire
     56	005A  83 F9 00				     cmp cx, 0
     57	005D  74 20				     jz	sfarsit
Turbo Assembler	 Version 3.0	    11/07/20 20:16:16	    Page 2
ex2l6t.ASM



     58
     59
     60	005F				     Inmultire proc
     61	005F  F7 26 0002r			     mul Baza
     62	0063  83 C3 01				     add bx,1
     63	0066  3B CB				     cmp cx,bx
     64	0068  75 F5				     JNZ Inmultire
     65	006A  BB 0000				     mov bx,0
     66	006D  49				     dec cx
     67	006E  01 06 0004r			     add rez,ax
     68	0072  C3				     ret
     69	0073				     Inmultire endp
     70
     71
     72	0073				     afisare:
     73	0073  A1 0004r				     mov ax,rez
     74	0076  8B D0				     mov dx, ax
     75	0078  B4 02				     mov ah,2h
     76	007A  CD 15				     int 21
     77	007C  EB 01 90				     jmp sfarsit
     78
     79	007F				     sfarsit:
     80	007F  B4 4C				     mov ah, 4Ch
     81	0081  CD 21				     int 21h
     82				     end program
Turbo Assembler	 Version 3.0	    11/07/20 20:16:16	    Page 3
Symbol Table




Symbol Name			  Type	 Value

??DATE				  Text	 "11/07/20"
??FILENAME			  Text	 "ex2l6t  "
??TIME				  Text	 "20:16:16"
??VERSION			  Number 0300
@32BIT				  Text	 0
@CODE				  Text	 _TEXT
@CODESIZE			  Text	 0
@CPU				  Text	 0101H
@CURSEG				  Text	 _TEXT
@DATA				  Text	 DGROUP
@DATASIZE			  Text	 0
@FILENAME			  Text	 EX2L6T
@INTERFACE			  Text	 00H
@MODEL				  Text	 2
@STACK				  Text	 DGROUP
@WORDSIZE			  Text	 2
AFISARE				  Near	 _TEXT:0073
BAZA				  Word	 DGROUP:0002
INITIALIZARE			  Near	 _TEXT:0000
INMULTIRE			  Near	 _TEXT:005F
NUMAR				  Word	 DGROUP:0000
PROGRAM				  Near	 _TEXT:0000
REPET				  Near	 _TEXT:0053
REZ				  Word	 DGROUP:0004
SFARSIT				  Near	 _TEXT:007F
START				  Near	 _TEXT:0005

Groups & Segments		  Bit Size Align  Combine Class

DGROUP				  Group
  STACK				  16  0064 Para	  Stack	  STACK
  _DATA				  16  0006 Word	  Public  DATA
_TEXT				  16  0083 Word	  Public  CODE
