Turbo Assembler	 Version 3.0	    11/08/20 16:48:00	    Page 1
hw_bng.ASM



      1	0000			     .model small
      2	0000			     .stack 100
      3	0000			     .data
      4	0000  0008			     numar dw 8
      5	0002  ????????			     rez   dd ?
      6
      7	0006			     .code
      8	0000			     afisare proc
      9	0000  80 C2 30			     add dl, '0'
     10	0003  B4 02			     mov ah, 2h
     11	0005  CD 21			     int 21h
     12	0007  C3			     ret
     13	0008			     afisare endp
     14
     15	0008			     start:
     16	0008  B8 0000s			     mov ax, @data
     17	000B  8E D8			     mov ds, ax
     18	000D  B8 0001			     mov ax, 1
     19	0010  BB 0001			     mov bx, 1
     20	0013  8B 0E 0000r		     mov cx, numar
     21
     22	0017  43		     iar: inc bx
     23	0018  3B D9			     cmp bx, cx
     24	001A  77 04			     ja	sfarsit
     25	001C  F7 E3			     mul bx
     26	001E  EB F7			     jmp iar
     27
     28	0020			     sfarsit:
     29	0020  BB 000A			     mov bx, 10
     30	0023  BE 0000			     mov si, 0
     31
     32	0026			     hextodec:
     33	0026  F7 F3			     div bx
     34	0028  88 94 0002r		     mov byte ptr rez[si], dl
     35	002C  BA 0000			     mov dx, 0
     36	002F  46			     inc si
     37	0030  3B C3			     cmp ax, bx
     38	0032  77 F2			     ja	hextodec
     39	0034  88 84 0002r		     mov byte ptr rez[si], al
     40
     41	0038			     repet:
     42	0038  8A 94 0002r		     mov dl, byte ptr rez[si]
     43	003C  E8 FFC1			     call afisare
     44	003F  4E			     dec si
     45	0040  83 FE 00			     cmp si, 0
     46	0043  79 F3			     jns repet
     47	0045  B4 4C			     mov ah, 4Ch
     48	0047  CD 21			     int 21h
     49				     end start
Turbo Assembler	 Version 3.0	    11/08/20 16:48:00	    Page 2
Symbol Table




Symbol Name			  Type	 Value

??DATE				  Text	 "11/08/20"
??FILENAME			  Text	 "hw_bng  "
??TIME				  Text	 "16:48:00"
??VERSION			  Number 0300
@32BIT				  Text	 0
@CODE				  Text	 _TEXT
@CODESIZE			  Text	 0
@CPU				  Text	 0101H
@CURSEG				  Text	 _TEXT
@DATA				  Text	 DGROUP
@DATASIZE			  Text	 0
@FILENAME			  Text	 HW_BNG
@INTERFACE			  Text	 00H
@MODEL				  Text	 2
@STACK				  Text	 DGROUP
@WORDSIZE			  Text	 2
AFISARE				  Near	 _TEXT:0000
HEXTODEC			  Near	 _TEXT:0026
IAR				  Near	 _TEXT:0017
NUMAR				  Word	 DGROUP:0000
REPET				  Near	 _TEXT:0038
REZ				  Dword	 DGROUP:0002
SFARSIT				  Near	 _TEXT:0020
START				  Near	 _TEXT:0008

Groups & Segments		  Bit Size Align  Combine Class

DGROUP				  Group
  STACK				  16  0064 Para	  Stack	  STACK
  _DATA				  16  0006 Word	  Public  DATA
_TEXT				  16  0049 Word	  Public  CODE
