Turbo Assembler	 Version 3.0	    11/08/20 18:11:34	    Page 1
hw_lhrm.ASM



      1	0000			     .model small
      2	0000			     .stack 100h
      3	0000			     .data
      4	0000  0072		     numar dw 72h
      5	0002  ????????		     rezultat dd ?
      6	0006			     .code
      7	0000			     afisare proc
      8	0000  80 C2 30			     add dl,'0'
      9	0003  B4 02			     mov ah,2h
     10	0005  CD 21			     int 21h
     11	0007  C3			     ret
     12	0008			     afisare endp
     13
     14	0008			     start:
     15	0008  B8 0000s			     mov ax,@data
     16	000B  8E D8			     mov ds,ax
     17	000D  A1 0000r			     mov ax,numar
     18	0010  BB 000A			     mov bx,10
     19	0013  BE 0000			     mov si,0
     20	0016  BA 0000			     mov dx, 0
     21	0019			     conversie:
     22	0019  F7 F3			     div bx
     23	001B  88 94 0002r		     mov byte ptr rezultat[si],dl
     24	001F  BA 0000			     mov dx,0
     25	0022  46			     inc si
     26	0023  3B C3			     cmp ax,bx
     27	0025  77 F2			     ja	conversie
     28	0027  88 84 0002r		     mov byte ptr rezultat[si],al
     29	002B			     repet:
     30	002B  8A 94 0002r		     mov dl,byte ptr rezultat[si]
     31	002F  E8 FFCE			     call afisare
     32	0032  4E			     dec si
     33	0033  83 FE 00			     cmp si,0
     34	0036  79 F3			     jns repet
     35	0038  B4 4C			     mov ah,4ch
     36	003A  CD 21			     int 21h
     37					     end start
Turbo Assembler	 Version 3.0	    11/08/20 18:11:34	    Page 2
Symbol Table




Symbol Name			  Type	 Value

??DATE				  Text	 "11/08/20"
??FILENAME			  Text	 "hw_lhrm "
??TIME				  Text	 "18:11:34"
??VERSION			  Number 0300
@32BIT				  Text	 0
@CODE				  Text	 _TEXT
@CODESIZE			  Text	 0
@CPU				  Text	 0101H
@CURSEG				  Text	 _TEXT
@DATA				  Text	 DGROUP
@DATASIZE			  Text	 0
@FILENAME			  Text	 HW_LHRM
@INTERFACE			  Text	 00H
@MODEL				  Text	 2
@STACK				  Text	 DGROUP
@WORDSIZE			  Text	 2
AFISARE				  Near	 _TEXT:0000
CONVERSIE			  Near	 _TEXT:0019
NUMAR				  Word	 DGROUP:0000
REPET				  Near	 _TEXT:002B
REZULTAT			  Dword	 DGROUP:0002
START				  Near	 _TEXT:0008

Groups & Segments		  Bit Size Align  Combine Class

DGROUP				  Group
  STACK				  16  0100 Para	  Stack	  STACK
  _DATA				  16  0006 Word	  Public  DATA
_TEXT				  16  003C Word	  Public  CODE
